c:\users\vovik\documents\универ\прога\лабы\labs\x64\debug\vc142.pdb
c:\users\vovik\documents\универ\прога\лабы\labs\x64\debug\vc142.idb
c:\users\vovik\documents\универ\прога\лабы\labs\x64\debug\main.obj
c:\users\vovik\documents\универ\прога\лабы\labs\x64\debug\lab9.obj
c:\users\vovik\documents\универ\прога\лабы\labs\x64\debug\lab8.obj
c:\users\vovik\documents\универ\прога\лабы\labs\x64\debug\lab7.obj
c:\users\vovik\documents\универ\прога\лабы\labs\x64\debug\lab6.obj
c:\users\vovik\documents\универ\прога\лабы\labs\x64\debug\lab4.obj
c:\users\vovik\documents\универ\прога\лабы\labs\x64\debug\lab3.obj
c:\users\vovik\documents\универ\прога\лабы\labs\x64\debug\lab2.obj
c:\users\vovik\documents\универ\прога\лабы\labs\x64\debug\lab10.obj
c:\users\vovik\documents\универ\прога\лабы\labs\x64\debug\lab1.obj
c:\users\vovik\documents\универ\прога\лабы\labs\x64\debug\lab5.obj
c:\users\vovik\documents\универ\прога\лабы\x64\debug\labs.pdb
c:\users\vovik\documents\универ\прога\лабы\labs\x64\debug\labs.tlog\cl.command.1.tlog
c:\users\vovik\documents\универ\прога\лабы\labs\x64\debug\labs.tlog\cl.read.1.tlog
c:\users\vovik\documents\универ\прога\лабы\labs\x64\debug\labs.tlog\cl.write.1.tlog
c:\users\vovik\documents\универ\прога\лабы\labs\x64\debug\labs.tlog\link.6800-cvtres.read.1.tlog
c:\users\vovik\documents\универ\прога\лабы\labs\x64\debug\labs.tlog\link.6800-cvtres.write.1.tlog
c:\users\vovik\documents\универ\прога\лабы\labs\x64\debug\labs.tlog\link.6800-rc.read.1.tlog
c:\users\vovik\documents\универ\прога\лабы\labs\x64\debug\labs.tlog\link.6800-rc.write.1.tlog
c:\users\vovik\documents\универ\прога\лабы\labs\x64\debug\labs.tlog\link.6800.read.1.tlog
c:\users\vovik\documents\универ\прога\лабы\labs\x64\debug\labs.tlog\link.6800.write.1.tlog
c:\users\vovik\documents\универ\прога\лабы\labs\x64\debug\labs.tlog\link.command.1.tlog
c:\users\vovik\documents\универ\прога\лабы\labs\x64\debug\labs.tlog\link.read.1.tlog
c:\users\vovik\documents\универ\прога\лабы\labs\x64\debug\labs.tlog\link.write.1.tlog
